Using pre-set license
Built from '2023.2/release' branch; Version is '2023.2.10f1 (316c1fd686f6) revision 3238943'; Using compiler version '193431935'; Build Type 'Release'
OS: 'Windows 11  (10.0.22000) 64bit CoreSingleLanguage' Language: 'es' Physical Memory: 32610 MB
BatchMode: 1, IsHumanControllingUs: 0, StartBugReporterOnCrash: 0, Is64bit: 1, IsPro: 1

COMMAND LINE ARGUMENTS:
D:\XARXES\Unity 2023.2.10f1\Editor\Unity.exe
-adb2
-batchMode
-noUpm
-name
AssetImportWorker7
-projectPath
D:/XARXES/Programaci贸n/LabyrinthsOfOblivion
-logFile
Logs/AssetImportWorker7.log
-srvPort
49735
-job-worker-count
5
-background-job-worker-count
8
-asset-garbage-collectors
1
Successfully changed project path to: D:/XARXES/Programaci贸n/LabyrinthsOfOblivion
D:/XARXES/Programaci贸n/LabyrinthsOfOblivion
[UnityMemory] Configuration Parameters - Can be set up in boot.config
    "memorysetup-bucket-allocator-granularity=16"
    "memorysetup-bucket-allocator-bucket-count=8"
    "memorysetup-bucket-allocator-block-size=33554432"
    "memorysetup-bucket-allocator-block-count=8"
    "memorysetup-main-allocator-block-size=16777216"
    "memorysetup-thread-allocator-block-size=16777216"
    "memorysetup-gfx-main-allocator-block-size=16777216"
    "memorysetup-gfx-thread-allocator-block-size=16777216"
    "memorysetup-cache-allocator-block-size=4194304"
    "memorysetup-typetree-allocator-block-size=2097152"
    "memorysetup-profiler-bucket-allocator-granularity=16"
    "memorysetup-profiler-bucket-allocator-bucket-count=8"
    "memorysetup-profiler-bucket-allocator-block-size=33554432"
    "memorysetup-profiler-bucket-allocator-block-count=8"
    "memorysetup-profiler-allocator-block-size=16777216"
    "memorysetup-profiler-editor-allocator-block-size=1048576"
    "memorysetup-temp-allocator-size-main=16777216"
    "memorysetup-job-temp-allocator-block-size=2097152"
    "memorysetup-job-temp-allocator-block-size-background=1048576"
    "memorysetup-job-temp-allocator-reduction-small-platforms=262144"
    "memorysetup-allocator-temp-initial-block-size-main=262144"
    "memorysetup-allocator-temp-initial-block-size-worker=262144"
    "memorysetup-temp-allocator-size-background-worker=32768"
    "memorysetup-temp-allocator-size-job-worker=262144"
    "memorysetup-temp-allocator-size-preload-manager=33554432"
    "memorysetup-temp-allocator-size-nav-mesh-worker=65536"
    "memorysetup-temp-allocator-size-audio-worker=65536"
    "memorysetup-temp-allocator-size-cloud-worker=32768"
    "memorysetup-temp-allocator-size-gi-baking-worker=262144"
    "memorysetup-temp-allocator-size-gi-baking-worker=262144"
    "memorysetup-temp-allocator-size-gi-baking-worker=262144"
    "memorysetup-temp-allocator-size-gi-baking-worker=262144"
    "memorysetup-temp-allocator-size-gfx=262144"
Player connection [14592] Host "[IP] 0.0.0.0 [Port] 0 [Flags] 2 [Guid] 2918456810 [EditorId] 2918456810 [Version] 1048832 [Id] WindowsEditor(7,DESKTOP-VFD1MGT) [Debug] 1 [PackageName] WindowsEditor [ProjectName] Editor" joined multi-casting on [225.0.0.222:54997]...
Player connection [14592] Host "[IP] 0.0.0.0 [Port] 0 [Flags] 2 [Guid] 2918456810 [EditorId] 2918456810 [Version] 1048832 [Id] WindowsEditor(7,DESKTOP-VFD1MGT) [Debug] 1 [PackageName] WindowsEditor [ProjectName] Editor" joined alternative multi-casting on [225.0.0.222:34997]...
JobSystem: Creating JobQueue using job-worker-count value 5
[Physics::Module] Initialized MultithreadedJobDispatcher with 5 workers.
Library Redirect Path: Library/
Refreshing native plugins compatible for Editor in 1.26 ms, found 4 plugins.
Preloading 0 native plugins for Editor in 0.00 ms.
Initialize engine version: 2023.2.10f1 (316c1fd686f6)
[Subsystems] Discovering subsystems at path D:/XARXES/Unity 2023.2.10f1/Editor/Data/Resources/UnitySubsystems
[Subsystems] Discovering subsystems at path D:/XARXES/Programaci贸n/LabyrinthsOfOblivion/Assets
GfxDevice: creating device client; kGfxThreadingModeNonThreaded
Direct3D:
    Version:  Direct3D 11.0 [level 11.1]
    Renderer: NVIDIA GeForce GTX 1060 (ID=0x1c20)
    Vendor:   NVIDIA
    VRAM:     6031 MB
    Driver:   32.0.15.6590
Initialize mono
Mono path[0] = 'D:/XARXES/Unity 2023.2.10f1/Editor/Data/Managed'
Mono path[1] = 'D:/XARXES/Unity 2023.2.10f1/Editor/Data/MonoBleedingEdge/lib/mono/unityjit-win32'
Mono config path = 'D:/XARXES/Unity 2023.2.10f1/Editor/Data/MonoBleedingEdge/etc'
Using monoOptions --debugger-agent=transport=dt_socket,embedding=1,server=y,suspend=n,address=127.0.0.1:56216
Begin MonoManager ReloadAssembly
Registering precompiled unity dll's ...
Register platform support module: D:/XARXES/Unity 2023.2.10f1/Editor/Data/PlaybackEngines/WindowsStandaloneSupport/UnityEditor.WindowsStandalone.Extensions.dll
Registered in 0.002146 seconds.
- Loaded All Assemblies, in  0.433 seconds
Native extension for WindowsStandalone target not found
Mono: successfully reloaded assembly
- Finished resetting the current domain, in  0.348 seconds
Domain Reload Profiling: 781ms
	BeginReloadAssembly (144ms)
		ExecutionOrderSort (0ms)
		DisableScriptedObjects (0ms)
		BackupInstance (0ms)
		ReleaseScriptingObjects (0ms)
		CreateAndSetChildDomain (1ms)
	RebuildCommonClasses (43ms)
	RebuildNativeTypeToScriptingClass (17ms)
	initialDomainReloadingComplete (51ms)
	LoadAllAssembliesAndSetupDomain (178ms)
		LoadAssemblies (143ms)
		RebuildTransferFunctionScriptingTraits (0ms)
		AnalyzeDomain (176ms)
			TypeCache.Refresh (174ms)
				TypeCache.ScanAssembly (160ms)
			BuildScriptInfoCaches (0ms)
			ResolveRequiredComponents (0ms)
	FinalizeReload (349ms)
		ReleaseScriptCaches (0ms)
		RebuildScriptCaches (0ms)
		SetupLoadedEditorAssemblies (289ms)
			LogAssemblyErrors (0ms)
			InitializePlatformSupportModulesInManaged (9ms)
			SetLoadedEditorAssemblies (6ms)
			BeforeProcessingInitializeOnLoad (8ms)
			ProcessInitializeOnLoadAttributes (210ms)
			ProcessInitializeOnLoadMethodAttributes (56ms)
			AfterProcessingInitializeOnLoad (0ms)
			EditorAssembliesLoaded (0ms)
		ExecutionOrderSort2 (0ms)
		AwakeInstancesAfterBackupRestoration (0ms)
========================================================================
Worker process is ready to serve import requests
Import Worker Mode flag is 0x00
Begin MonoManager ReloadAssembly
- Loaded All Assemblies, in  0.872 seconds
Refreshing native plugins compatible for Editor in 0.88 ms, found 4 plugins.
Native extension for WindowsStandalone target not found
Mono: successfully reloaded assembly
- Finished resetting the current domain, in  0.714 seconds
Domain Reload Profiling: 1585ms
	BeginReloadAssembly (362ms)
		ExecutionOrderSort (0ms)
		DisableScriptedObjects (7ms)
		BackupInstance (0ms)
		ReleaseScriptingObjects (0ms)
		CreateAndSetChildDomain (30ms)
	RebuildCommonClasses (40ms)
	RebuildNativeTypeToScriptingClass (17ms)
	initialDomainReloadingComplete (41ms)
	LoadAllAssembliesAndSetupDomain (411ms)
		LoadAssemblies (316ms)
		RebuildTransferFunctionScriptingTraits (0ms)
		AnalyzeDomain (201ms)
			TypeCache.Refresh (162ms)
				TypeCache.ScanAssembly (147ms)
			BuildScriptInfoCaches (31ms)
			ResolveRequiredComponents (5ms)
	FinalizeReload (714ms)
		ReleaseScriptCaches (0ms)
		RebuildScriptCaches (0ms)
		SetupLoadedEditorAssemblies (487ms)
			LogAssemblyErrors (0ms)
			InitializePlatformSupportModulesInManaged (2ms)
			SetLoadedEditorAssemblies (5ms)
			BeforeProcessingInitializeOnLoad (43ms)
			ProcessInitializeOnLoadAttributes (398ms)
			ProcessInitializeOnLoadMethodAttributes (37ms)
			AfterProcessingInitializeOnLoad (2ms)
			EditorAssembliesLoaded (0ms)
		ExecutionOrderSort2 (0ms)
		AwakeInstancesAfterBackupRestoration (9ms)
Launched and connected shader compiler UnityShaderCompiler.exe after 0.01 seconds
Refreshing native plugins compatible for Editor in 0.79 ms, found 4 plugins.
Preloading 0 native plugins for Editor in 0.00 ms.
Unloading 27 Unused Serialized files (Serialized files now loaded: 0)
Unloading 4136 unused Assets / (1.1 MB). Loaded Objects now: 4712.
Memory consumption went from 126.2 MB to 125.1 MB.
Total: 6.243600 ms (FindLiveObjects: 0.466300 ms CreateObjectMapping: 0.474500 ms MarkObjects: 4.184900 ms  DeleteObjects: 1.117100 ms)

========================================================================
Received Import Request.
  Time since last request: 2619.963183 seconds.
  path: Assets/Images/Animations/Attacks/Slash 2/color1/Frames/Slash2_color1_frame4.png
  artifactKey: Guid(f92fbc292bff5984ab395a122b894dc9) Importer(815301076,1909f56bfc062723c751e8b465ee728b)
Start importing Assets/Images/Animations/Attacks/Slash 2/color1/Frames/Slash2_color1_frame4.png using Guid(f92fbc292bff5984ab395a122b894dc9) Importer(815301076,1909f56bfc062723c751e8b465ee728b) (PreviewImporter) -> (artifact id: '8493f2229ee8d1fb7acdb2e43f36b942') in 0.1144173 seconds
Number of updated asset objects reloaded before import = 0Number of asset objects unloaded after import = 3

========================================================================
Received Import Request.
  Time since last request: 7.689435 seconds.
  path: Assets/Images/Animations/Attacks/Slash 2/color1/Frames/Slash2_color1_frame3.png
  artifactKey: Guid(311e41e66c1ad404a8712b46aaef896d) Importer(815301076,1909f56bfc062723c751e8b465ee728b)
Start importing Assets/Images/Animations/Attacks/Slash 2/color1/Frames/Slash2_color1_frame3.png using Guid(311e41e66c1ad404a8712b46aaef896d) Importer(815301076,1909f56bfc062723c751e8b465ee728b) (PreviewImporter) -> (artifact id: 'fc14f4ea41e0f42959d0feff40c2d231') in 0.02159 seconds
Number of updated asset objects reloaded before import = 0Number of asset objects unloaded after import = 3

========================================================================
Received Import Request.
  Time since last request: 0.000129 seconds.
  path: Assets/Images/Animations/Attacks/Slash 2/color1/Frames/Slash2_color1_frame5.png
  artifactKey: Guid(dfa7ba03b59634f449ecf0bab8cd1b02) Importer(815301076,1909f56bfc062723c751e8b465ee728b)
Start importing Assets/Images/Animations/Attacks/Slash 2/color1/Frames/Slash2_color1_frame5.png using Guid(dfa7ba03b59634f449ecf0bab8cd1b02) Importer(815301076,1909f56bfc062723c751e8b465ee728b) (PreviewImporter) -> (artifact id: 'd4c33ba7f3f462c3d6d86fe84b7338bc') in 0.0221024 seconds
Number of updated asset objects reloaded before import = 0Number of asset objects unloaded after import = 3

========================================================================
Received Import Request.
  Time since last request: 3.640487 seconds.
  path: Assets/Images/Animations/Attacks/Slash 2/color2/Frames/Slash2_color2_frame5.png
  artifactKey: Guid(9a7955a3c3dc46d4099cc0bade00fd00) Importer(815301076,1909f56bfc062723c751e8b465ee728b)
Start importing Assets/Images/Animations/Attacks/Slash 2/color2/Frames/Slash2_color2_frame5.png using Guid(9a7955a3c3dc46d4099cc0bade00fd00) Importer(815301076,1909f56bfc062723c751e8b465ee728b) (PreviewImporter) -> (artifact id: 'dfe83b94f1c7ced3a1d2d2b67cdc42a1') in 0.0161615 seconds
Number of updated asset objects reloaded before import = 0Number of asset objects unloaded after import = 3

========================================================================
Received Import Request.
  Time since last request: 4.804503 seconds.
  path: Assets/Images/Animations/Attacks/Slash 2/color2/Frames/Slash2_color2_frame3.png
  artifactKey: Guid(23b86ae9c6ece3a4992f4bb43a3150f0) Importer(815301076,1909f56bfc062723c751e8b465ee728b)
Start importing Assets/Images/Animations/Attacks/Slash 2/color2/Frames/Slash2_color2_frame3.png using Guid(23b86ae9c6ece3a4992f4bb43a3150f0) Importer(815301076,1909f56bfc062723c751e8b465ee728b) (PreviewImporter) -> (artifact id: 'e818a45410ccb839c6b9179dd991414c') in 0.0193798 seconds
Number of updated asset objects reloaded before import = 0Number of asset objects unloaded after import = 3

========================================================================
Received Import Request.
  Time since last request: 0.000092 seconds.
  path: Assets/Images/Animations/Attacks/Slash 2/color2/Frames/Slash2_color2_frame5.png
  artifactKey: Guid(9a7955a3c3dc46d4099cc0bade00fd00) Importer(815301076,1909f56bfc062723c751e8b465ee728b)
Start importing Assets/Images/Animations/Attacks/Slash 2/color2/Frames/Slash2_color2_frame5.png using Guid(9a7955a3c3dc46d4099cc0bade00fd00) Importer(815301076,1909f56bfc062723c751e8b465ee728b) (PreviewImporter) -> (artifact id: 'a1886c39db87c11e73fb3630f9521db7') in 0.0203442 seconds
Number of updated asset objects reloaded before import = 0Number of asset objects unloaded after import = 3

========================================================================
Received Import Request.
  Time since last request: 10.127981 seconds.
  path: Assets/Images/Animations/Attacks/Slash 2/color3/Frames/Slash2_color3_frame7.png
  artifactKey: Guid(4366d0493ce4f7540b66100b823651b2) Importer(815301076,1909f56bfc062723c751e8b465ee728b)
Start importing Assets/Images/Animations/Attacks/Slash 2/color3/Frames/Slash2_color3_frame7.png using Guid(4366d0493ce4f7540b66100b823651b2) Importer(815301076,1909f56bfc062723c751e8b465ee728b) (PreviewImporter) -> (artifact id: '4588ed73b902b76095cc566e84bbae8a') in 0.020772 seconds
Number of updated asset objects reloaded before import = 0Number of asset objects unloaded after import = 4

========================================================================
Received Import Request.
  Time since last request: 11.722651 seconds.
  path: Assets/Images/Animations/Attacks/Slash 2/color3/Frames/Slash2_color3_frame3.png
  artifactKey: Guid(f20037e085be92c4d8874a415a1f8477) Importer(815301076,1909f56bfc062723c751e8b465ee728b)
Start importing Assets/Images/Animations/Attacks/Slash 2/color3/Frames/Slash2_color3_frame3.png using Guid(f20037e085be92c4d8874a415a1f8477) Importer(815301076,1909f56bfc062723c751e8b465ee728b) (PreviewImporter) -> (artifact id: '825a40656e7b93f62e606e6946a8206d') in 0.017366 seconds
Number of updated asset objects reloaded before import = 0Number of asset objects unloaded after import = 3

========================================================================
Received Import Request.
  Time since last request: 0.000021 seconds.
  path: Assets/Images/Animations/Attacks/Slash 2/color3/Frames/Slash2_color3_frame4.png
  artifactKey: Guid(827d109dc7e678049921f73c10ba4229) Importer(815301076,1909f56bfc062723c751e8b465ee728b)
Start importing Assets/Images/Animations/Attacks/Slash 2/color3/Frames/Slash2_color3_frame4.png using Guid(827d109dc7e678049921f73c10ba4229) Importer(815301076,1909f56bfc062723c751e8b465ee728b) (PreviewImporter) -> (artifact id: '40dc380001752505ec8b74e741d6e090') in 0.0451508 seconds
Number of updated asset objects reloaded before import = 0Number of asset objects unloaded after import = 3

========================================================================
Received Import Request.
  Time since last request: 3.486102 seconds.
  path: Assets/Images/Animations/Attacks/Slash 2/color4/Frames/Slash2_color4_frame3.png
  artifactKey: Guid(bdb902db72c357148a285f81e16abea9) Importer(815301076,1909f56bfc062723c751e8b465ee728b)
Start importing Assets/Images/Animations/Attacks/Slash 2/color4/Frames/Slash2_color4_frame3.png using Guid(bdb902db72c357148a285f81e16abea9) Importer(815301076,1909f56bfc062723c751e8b465ee728b) (PreviewImporter) -> (artifact id: 'bbfce4a94bb78df2cad64875cfe71ea0') in 0.0143093 seconds
Number of updated asset objects reloaded before import = 0Number of asset objects unloaded after import = 3

========================================================================
Received Import Request.
  Time since last request: 0.000160 seconds.
  path: Assets/Images/Animations/Attacks/Slash 2/color4/Frames/Slash2_color4_frame5.png
  artifactKey: Guid(a5312049cb118c44198664299c47eb26) Importer(815301076,1909f56bfc062723c751e8b465ee728b)
Start importing Assets/Images/Animations/Attacks/Slash 2/color4/Frames/Slash2_color4_frame5.png using Guid(a5312049cb118c44198664299c47eb26) Importer(815301076,1909f56bfc062723c751e8b465ee728b) (PreviewImporter) -> (artifact id: '329eea4fe52a6849ea8e3b937536a13f') in 0.0432921 seconds
Number of updated asset objects reloaded before import = 0Number of asset objects unloaded after import = 3

========================================================================
Received Import Request.
  Time since last request: 6.041141 seconds.
  path: Assets/Images/Animations/Attacks/Slash 2/color4/Frames/Slash2_color4_frame3.png
  artifactKey: Guid(bdb902db72c357148a285f81e16abea9) Importer(815301076,1909f56bfc062723c751e8b465ee728b)
Start importing Assets/Images/Animations/Attacks/Slash 2/color4/Frames/Slash2_color4_frame3.png using Guid(bdb902db72c357148a285f81e16abea9) Importer(815301076,1909f56bfc062723c751e8b465ee728b) (PreviewImporter) -> (artifact id: '4cab38c973d4bd9233421bbf5d34ffae') in 0.0531963 seconds
Number of updated asset objects reloaded before import = 0Number of asset objects unloaded after import = 3

========================================================================
Received Import Request.
  Time since last request: 0.000052 seconds.
  path: Assets/Images/Animations/Attacks/Slash 2/color4/Frames/Slash2_color4_frame4.png
  artifactKey: Guid(739422d6b90411b45a31a492d337aef7) Importer(815301076,1909f56bfc062723c751e8b465ee728b)
Start importing Assets/Images/Animations/Attacks/Slash 2/color4/Frames/Slash2_color4_frame4.png using Guid(739422d6b90411b45a31a492d337aef7) Importer(815301076,1909f56bfc062723c751e8b465ee728b) (PreviewImporter) -> (artifact id: '7db35fb097b7d8b7739cc3a24fc85f9f') in 0.0236725 seconds
Number of updated asset objects reloaded before import = 0Number of asset objects unloaded after import = 3

========================================================================
Received Import Request.
  Time since last request: 2.180902 seconds.
  path: Assets/Images/Animations/Attacks/Slash 2/color5/Frames/Slash2_color5_frame6.png
  artifactKey: Guid(754d44ab4ea63214499da0b58db5de97) Importer(815301076,1909f56bfc062723c751e8b465ee728b)
Start importing Assets/Images/Animations/Attacks/Slash 2/color5/Frames/Slash2_color5_frame6.png using Guid(754d44ab4ea63214499da0b58db5de97) Importer(815301076,1909f56bfc062723c751e8b465ee728b) (PreviewImporter) -> (artifact id: '5d04d2af6a9895f37b34552dfde4d804') in 0.0216585 seconds
Number of updated asset objects reloaded before import = 0Number of asset objects unloaded after import = 4

========================================================================
Received Import Request.
  Time since last request: 5.600087 seconds.
  path: Assets/Images/Animations/Attacks/Slash 2/color5/Frames/Slash2_color5_frame3.png
  artifactKey: Guid(17ff917b29b3b554298f630953a1b450) Importer(815301076,1909f56bfc062723c751e8b465ee728b)
Start importing Assets/Images/Animations/Attacks/Slash 2/color5/Frames/Slash2_color5_frame3.png using Guid(17ff917b29b3b554298f630953a1b450) Importer(815301076,1909f56bfc062723c751e8b465ee728b) (PreviewImporter) -> (artifact id: '71e425e3629537b7e2e78e06a68ae574') in 0.019988 seconds
Number of updated asset objects reloaded before import = 0Number of asset objects unloaded after import = 3

========================================================================
Received Import Request.
  Time since last request: 0.000079 seconds.
  path: Assets/Images/Animations/Attacks/Slash 2/color5/Frames/Slash2_color5_frame4.png
  artifactKey: Guid(828f8fda4662ef042af8090e7b167da0) Importer(815301076,1909f56bfc062723c751e8b465ee728b)
Start importing Assets/Images/Animations/Attacks/Slash 2/color5/Frames/Slash2_color5_frame4.png using Guid(828f8fda4662ef042af8090e7b167da0) Importer(815301076,1909f56bfc062723c751e8b465ee728b) (PreviewImporter) -> (artifact id: '6dcbcad82b7d16f26d9deaaffbd9c9f1') in 0.0219153 seconds
Number of updated asset objects reloaded before import = 0Number of asset objects unloaded after import = 3

========================================================================
Received Import Request.
  Time since last request: 5.499422 seconds.
  path: Assets/Images/Animations/Attacks/Slash 3/color1/frames/Slash3_color1_frame8.png
  artifactKey: Guid(764593c42d112074ebf299ea5263bd7c) Importer(815301076,1909f56bfc062723c751e8b465ee728b)
Start importing Assets/Images/Animations/Attacks/Slash 3/color1/frames/Slash3_color1_frame8.png using Guid(764593c42d112074ebf299ea5263bd7c) Importer(815301076,1909f56bfc062723c751e8b465ee728b) (PreviewImporter) -> (artifact id: '39617bcb55af01243570d092d9665218') in 0.0178318 seconds
Number of updated asset objects reloaded before import = 0Number of asset objects unloaded after import = 3

========================================================================
Received Import Request.
  Time since last request: 4.318841 seconds.
  path: Assets/Images/Animations/Attacks/Slash 3/color1/frames/Slash3_color1_frame3.png
  artifactKey: Guid(603af1710c04b544aae26f25d3cc0cd6) Importer(815301076,1909f56bfc062723c751e8b465ee728b)
Start importing Assets/Images/Animations/Attacks/Slash 3/color1/frames/Slash3_color1_frame3.png using Guid(603af1710c04b544aae26f25d3cc0cd6) Importer(815301076,1909f56bfc062723c751e8b465ee728b) (PreviewImporter) -> (artifact id: 'ae15b6f935f431f35732be2f7ea46976') in 0.0460656 seconds
Number of updated asset objects reloaded before import = 0Number of asset objects unloaded after import = 3

========================================================================
Received Import Request.
  Time since last request: 0.000022 seconds.
  path: Assets/Images/Animations/Attacks/Slash 3/color1/frames/Slash3_color1_frame4.png
  artifactKey: Guid(701bb22cec65c1e4faaa6155b26ea19a) Importer(815301076,1909f56bfc062723c751e8b465ee728b)
Start importing Assets/Images/Animations/Attacks/Slash 3/color1/frames/Slash3_color1_frame4.png using Guid(701bb22cec65c1e4faaa6155b26ea19a) Importer(815301076,1909f56bfc062723c751e8b465ee728b) (PreviewImporter) -> (artifact id: '3fcb5d7ce0809af97ae8689c55eb6acc') in 0.0222187 seconds
Number of updated asset objects reloaded before import = 0Number of asset objects unloaded after import = 3

========================================================================
Received Import Request.
  Time since last request: 0.000026 seconds.
  path: Assets/Images/Animations/Attacks/Slash 3/color1/frames/Slash3_color1_frame9.png
  artifactKey: Guid(e921425435416034cbc171afcd5e1fc4) Importer(815301076,1909f56bfc062723c751e8b465ee728b)
Start importing Assets/Images/Animations/Attacks/Slash 3/color1/frames/Slash3_color1_frame9.png using Guid(e921425435416034cbc171afcd5e1fc4) Importer(815301076,1909f56bfc062723c751e8b465ee728b) (PreviewImporter) -> (artifact id: 'e3759af1fac20f7a102f4250047ddc37') in 0.0179093 seconds
Number of updated asset objects reloaded before import = 0Number of asset objects unloaded after import = 3

========================================================================
Received Import Request.
  Time since last request: 1.595380 seconds.
  path: Assets/Images/Animations/Attacks/Slash 3/color2/frames/Slash3_color2_frame5.png
  artifactKey: Guid(0b531151ffed953419e2c4b7f8f18a13) Importer(815301076,1909f56bfc062723c751e8b465ee728b)
Start importing Assets/Images/Animations/Attacks/Slash 3/color2/frames/Slash3_color2_frame5.png using Guid(0b531151ffed953419e2c4b7f8f18a13) Importer(815301076,1909f56bfc062723c751e8b465ee728b) (PreviewImporter) -> (artifact id: '3f57b193eb75607258a1a8266c0d3f5e') in 0.0152267 seconds
Number of updated asset objects reloaded before import = 0Number of asset objects unloaded after import = 3

========================================================================
Received Import Request.
  Time since last request: 0.017213 seconds.
  path: Assets/Images/Animations/Attacks/Slash 3/color2/frames/Slash3_color2_frame9.png
  artifactKey: Guid(c35e8b42f6f1b4a47afabd456af8aebe) Importer(815301076,1909f56bfc062723c751e8b465ee728b)
Start importing Assets/Images/Animations/Attacks/Slash 3/color2/frames/Slash3_color2_frame9.png using Guid(c35e8b42f6f1b4a47afabd456af8aebe) Importer(815301076,1909f56bfc062723c751e8b465ee728b) (PreviewImporter) -> (artifact id: '71b5ab3abfbf8b893a28525933a293af') in 0.0239257 seconds
Number of updated asset objects reloaded before import = 0Number of asset objects unloaded after import = 5

========================================================================
Received Import Request.
  Time since last request: 4.000146 seconds.
  path: Assets/Images/Animations/Attacks/Slash 3/color2/frames/Slash3_color2_frame3.png
  artifactKey: Guid(4f65dad6b32ce0a49a352fc3cb92c87a) Importer(815301076,1909f56bfc062723c751e8b465ee728b)
Start importing Assets/Images/Animations/Attacks/Slash 3/color2/frames/Slash3_color2_frame3.png using Guid(4f65dad6b32ce0a49a352fc3cb92c87a) Importer(815301076,1909f56bfc062723c751e8b465ee728b) (PreviewImporter) -> (artifact id: '617e92e62a674098bf26be9de77654d3') in 0.0205408 seconds
Number of updated asset objects reloaded before import = 0Number of asset objects unloaded after import = 3

========================================================================
Received Import Request.
  Time since last request: 0.000023 seconds.
  path: Assets/Images/Animations/Attacks/Slash 3/color2/frames/Slash3_color2_frame5.png
  artifactKey: Guid(0b531151ffed953419e2c4b7f8f18a13) Importer(815301076,1909f56bfc062723c751e8b465ee728b)
Start importing Assets/Images/Animations/Attacks/Slash 3/color2/frames/Slash3_color2_frame5.png using Guid(0b531151ffed953419e2c4b7f8f18a13) Importer(815301076,1909f56bfc062723c751e8b465ee728b) (PreviewImporter) -> (artifact id: 'cdf40bbb3879b0d131878ca3946373e0') in 0.0484664 seconds
Number of updated asset objects reloaded before import = 0Number of asset objects unloaded after import = 3

========================================================================
Received Import Request.
  Time since last request: 0.000022 seconds.
  path: Assets/Images/Animations/Attacks/Slash 3/color2/frames/Slash3_color2_frame7.png
  artifactKey: Guid(cef546db5eb91ff4ab460a5c94ef8a49) Importer(815301076,1909f56bfc062723c751e8b465ee728b)
Start importing Assets/Images/Animations/Attacks/Slash 3/color2/frames/Slash3_color2_frame7.png using Guid(cef546db5eb91ff4ab460a5c94ef8a49) Importer(815301076,1909f56bfc062723c751e8b465ee728b) (PreviewImporter) -> (artifact id: '73ce02279e0799203f50fc6704997e8d') in 0.0191888 seconds
Number of updated asset objects reloaded before import = 0Number of asset objects unloaded after import = 3

========================================================================
Received Import Request.
  Time since last request: 2.409386 seconds.
  path: Assets/Images/Animations/Attacks/Slash 3/color3/frames/Slash3_color3_frame4.png
  artifactKey: Guid(2519f21e56794d247bdf912cfbb246bc) Importer(815301076,1909f56bfc062723c751e8b465ee728b)
Start importing Assets/Images/Animations/Attacks/Slash 3/color3/frames/Slash3_color3_frame4.png using Guid(2519f21e56794d247bdf912cfbb246bc) Importer(815301076,1909f56bfc062723c751e8b465ee728b) (PreviewImporter) -> (artifact id: '34f482ddd83cd2624ce68dfb17d8d293') in 0.0143156 seconds
Number of updated asset objects reloaded before import = 0Number of asset objects unloaded after import = 3

========================================================================
Received Import Request.
  Time since last request: 0.006261 seconds.
  path: Assets/Images/Animations/Attacks/Slash 3/color3/frames/Slash3_color3_frame7.png
  artifactKey: Guid(fec0869be75367d4e8419d8b905d1da6) Importer(815301076,1909f56bfc062723c751e8b465ee728b)
Start importing Assets/Images/Animations/Attacks/Slash 3/color3/frames/Slash3_color3_frame7.png using Guid(fec0869be75367d4e8419d8b905d1da6) Importer(815301076,1909f56bfc062723c751e8b465ee728b) (PreviewImporter) -> (artifact id: '1317db2fa7e1c33d45ca1ea1a1cee77e') in 0.0157083 seconds
Number of updated asset objects reloaded before import = 0Number of asset objects unloaded after import = 3

========================================================================
Received Import Request.
  Time since last request: 4.093431 seconds.
  path: Assets/Images/Animations/Attacks/Slash 3/color3/frames/Slash3_color3_frame3.png
  artifactKey: Guid(d533cf90b0d41514d8dca992c8a3fd0c) Importer(815301076,1909f56bfc062723c751e8b465ee728b)
Start importing Assets/Images/Animations/Attacks/Slash 3/color3/frames/Slash3_color3_frame3.png using Guid(d533cf90b0d41514d8dca992c8a3fd0c) Importer(815301076,1909f56bfc062723c751e8b465ee728b) (PreviewImporter) -> (artifact id: 'd4b1ee40f9e415fb259edcb5db279916') in 0.0548145 seconds
Number of updated asset objects reloaded before import = 0Number of asset objects unloaded after import = 3

========================================================================
Received Import Request.
  Time since last request: 0.000022 seconds.
  path: Assets/Images/Animations/Attacks/Slash 3/color3/frames/Slash3_color3_frame4.png
  artifactKey: Guid(2519f21e56794d247bdf912cfbb246bc) Importer(815301076,1909f56bfc062723c751e8b465ee728b)
Start importing Assets/Images/Animations/Attacks/Slash 3/color3/frames/Slash3_color3_frame4.png using Guid(2519f21e56794d247bdf912cfbb246bc) Importer(815301076,1909f56bfc062723c751e8b465ee728b) (PreviewImporter) -> (artifact id: 'c0c91079b230ff5a72077a1ba360d4d6') in 0.023217 seconds
Number of updated asset objects reloaded before import = 0Number of asset objects unloaded after import = 3

========================================================================
Received Import Request.
  Time since last request: 0.000038 seconds.
  path: Assets/Images/Animations/Attacks/Slash 3/color3/frames/Slash3_color3_frame8.png
  artifactKey: Guid(cdf81a943d86ab445984aee1359e1e9e) Importer(815301076,1909f56bfc062723c751e8b465ee728b)
Start importing Assets/Images/Animations/Attacks/Slash 3/color3/frames/Slash3_color3_frame8.png using Guid(cdf81a943d86ab445984aee1359e1e9e) Importer(815301076,1909f56bfc062723c751e8b465ee728b) (PreviewImporter) -> (artifact id: '89ebe232cd1da14dc460bfb9ee4207c7') in 0.0220287 seconds
Number of updated asset objects reloaded before import = 0Number of asset objects unloaded after import = 3

========================================================================
Received Import Request.
  Time since last request: 2.706887 seconds.
  path: Assets/Images/Animations/Attacks/Slash 3/color4/frames/Slash3_color4_frame4.png
  artifactKey: Guid(ae9e95d3ebe373c46856239f3ae64f4a) Importer(815301076,1909f56bfc062723c751e8b465ee728b)
Start importing Assets/Images/Animations/Attacks/Slash 3/color4/frames/Slash3_color4_frame4.png using Guid(ae9e95d3ebe373c46856239f3ae64f4a) Importer(815301076,1909f56bfc062723c751e8b465ee728b) (PreviewImporter) -> (artifact id: '7e0cd02f1fac88dc1b0a44a3cc79fd6e') in 0.013564 seconds
Number of updated asset objects reloaded before import = 0Number of asset objects unloaded after import = 3

========================================================================
Received Import Request.
  Time since last request: 0.007217 seconds.
  path: Assets/Images/Animations/Attacks/Slash 3/color4/frames/Slash3_color4_frame7.png
  artifactKey: Guid(d00ea2824ed441648a444feb878d2b22) Importer(815301076,1909f56bfc062723c751e8b465ee728b)
Start importing Assets/Images/Animations/Attacks/Slash 3/color4/frames/Slash3_color4_frame7.png using Guid(d00ea2824ed441648a444feb878d2b22) Importer(815301076,1909f56bfc062723c751e8b465ee728b) (PreviewImporter) -> (artifact id: '04ecdcbc03589a19793e081c895df213') in 0.0145869 seconds
Number of updated asset objects reloaded before import = 0Number of asset objects unloaded after import = 3

========================================================================
Received Import Request.
  Time since last request: 4.597782 seconds.
  path: Assets/Images/Animations/Attacks/Slash 3/color4/frames/Slash3_color4_frame3.png
  artifactKey: Guid(03427c2b5e2867447bf5412ea1436432) Importer(815301076,1909f56bfc062723c751e8b465ee728b)
Start importing Assets/Images/Animations/Attacks/Slash 3/color4/frames/Slash3_color4_frame3.png using Guid(03427c2b5e2867447bf5412ea1436432) Importer(815301076,1909f56bfc062723c751e8b465ee728b) (PreviewImporter) -> (artifact id: '184f424f4b4e07262af9f1358308724a') in 0.0465177 seconds
Number of updated asset objects reloaded before import = 0Number of asset objects unloaded after import = 3

========================================================================
Received Import Request.
  Time since last request: 0.000026 seconds.
  path: Assets/Images/Animations/Attacks/Slash 3/color4/frames/Slash3_color4_frame9.png
  artifactKey: Guid(e06671a9de2802d4eb43557b553a29a9) Importer(815301076,1909f56bfc062723c751e8b465ee728b)
Start importing Assets/Images/Animations/Attacks/Slash 3/color4/frames/Slash3_color4_frame9.png using Guid(e06671a9de2802d4eb43557b553a29a9) Importer(815301076,1909f56bfc062723c751e8b465ee728b) (PreviewImporter) -> (artifact id: '100b66f5bae10d7724aae980094a271a') in 0.0243284 seconds
Number of updated asset objects reloaded before import = 0Number of asset objects unloaded after import = 3

========================================================================
Received Import Request.
  Time since last request: 0.000053 seconds.
  path: Assets/Images/Animations/Attacks/Slash 3/color4/frames/Slash3_color4_frame8.png
  artifactKey: Guid(c92b86659bf1a834dbe7e5ed755e46b3) Importer(815301076,1909f56bfc062723c751e8b465ee728b)
Start importing Assets/Images/Animations/Attacks/Slash 3/color4/frames/Slash3_color4_frame8.png using Guid(c92b86659bf1a834dbe7e5ed755e46b3) Importer(815301076,1909f56bfc062723c751e8b465ee728b) (PreviewImporter) -> (artifact id: '8a8d153fe175a1c305a207c65327c409') in 0.0199464 seconds
Number of updated asset objects reloaded before import = 0Number of asset objects unloaded after import = 3

========================================================================
Received Import Request.
  Time since last request: 2.641435 seconds.
  path: Assets/Images/Animations/Attacks/Slash 3/color5/frames/Slash3_color5_frame4.png
  artifactKey: Guid(6b04e18aa3f2b5245b2044eadc078ea1) Importer(815301076,1909f56bfc062723c751e8b465ee728b)
Start importing Assets/Images/Animations/Attacks/Slash 3/color5/frames/Slash3_color5_frame4.png using Guid(6b04e18aa3f2b5245b2044eadc078ea1) Importer(815301076,1909f56bfc062723c751e8b465ee728b) (PreviewImporter) -> (artifact id: 'b531b992492c9e241905967d0ce23705') in 0.0140745 seconds
Number of updated asset objects reloaded before import = 0Number of asset objects unloaded after import = 3

========================================================================
Received Import Request.
  Time since last request: 0.007788 seconds.
  path: Assets/Images/Animations/Attacks/Slash 3/color5/frames/Slash3_color5_frame7.png
  artifactKey: Guid(e03078a4accd4fc4182c92e7d3ce9a63) Importer(815301076,1909f56bfc062723c751e8b465ee728b)
Start importing Assets/Images/Animations/Attacks/Slash 3/color5/frames/Slash3_color5_frame7.png using Guid(e03078a4accd4fc4182c92e7d3ce9a63) Importer(815301076,1909f56bfc062723c751e8b465ee728b) (PreviewImporter) -> (artifact id: 'a5baf7854aa38e72dc1735fdc3cc539a') in 0.0143692 seconds
Number of updated asset objects reloaded before import = 0Number of asset objects unloaded after import = 3

========================================================================
Received Import Request.
  Time since last request: 4.354926 seconds.
  path: Assets/Images/Animations/Attacks/Slash 3/color5/frames/Slash3_color5_frame3.png
  artifactKey: Guid(9060057eda0dfb243b6df85de59c6218) Importer(815301076,1909f56bfc062723c751e8b465ee728b)
Start importing Assets/Images/Animations/Attacks/Slash 3/color5/frames/Slash3_color5_frame3.png using Guid(9060057eda0dfb243b6df85de59c6218) Importer(815301076,1909f56bfc062723c751e8b465ee728b) (PreviewImporter) -> (artifact id: '35727ed3c3ab14706a597b0d1391262c') in 0.0176766 seconds
Number of updated asset objects reloaded before import = 0Number of asset objects unloaded after import = 3

========================================================================
Received Import Request.
  Time since last request: 0.000030 seconds.
  path: Assets/Images/Animations/Attacks/Slash 3/color5/frames/Slash3_color5_frame8.png
  artifactKey: Guid(9d94166eec42a5f4c929ab52bb28557e) Importer(815301076,1909f56bfc062723c751e8b465ee728b)
Start importing Assets/Images/Animations/Attacks/Slash 3/color5/frames/Slash3_color5_frame8.png using Guid(9d94166eec42a5f4c929ab52bb28557e) Importer(815301076,1909f56bfc062723c751e8b465ee728b) (PreviewImporter) -> (artifact id: 'f6f7a0bfe1414bf0c012adf7c21decda') in 0.0446613 seconds
Number of updated asset objects reloaded before import = 0Number of asset objects unloaded after import = 3

========================================================================
Received Import Request.
  Time since last request: 0.000020 seconds.
  path: Assets/Images/Animations/Attacks/Slash 3/color5/frames/Slash3_color5_frame5.png
  artifactKey: Guid(43b0f9739dd1de54ea9266d90d8b9762) Importer(815301076,1909f56bfc062723c751e8b465ee728b)
Start importing Assets/Images/Animations/Attacks/Slash 3/color5/frames/Slash3_color5_frame5.png using Guid(43b0f9739dd1de54ea9266d90d8b9762) Importer(815301076,1909f56bfc062723c751e8b465ee728b) (PreviewImporter) -> (artifact id: 'a512269efab7e986787cdca2b6dd3f26') in 0.0180478 seconds
Number of updated asset objects reloaded before import = 0Number of asset objects unloaded after import = 3

Editor requested this worker to shutdown with reason: Scaling down because of idle timeout
AssetImportWorker is now disconnected from the server
Process exiting
Exiting without the bug reporter. Application will terminate with return code 0