Using pre-set license
Built from '2023.2/release' branch; Version is '2023.2.10f1 (316c1fd686f6) revision 3238943'; Using compiler version '193431935'; Build Type 'Release'
OS: 'Windows 11  (10.0.22000) 64bit CoreSingleLanguage' Language: 'es' Physical Memory: 32610 MB
BatchMode: 1, IsHumanControllingUs: 0, StartBugReporterOnCrash: 0, Is64bit: 1, IsPro: 1

COMMAND LINE ARGUMENTS:
D:\XARXES\Unity 2023.2.10f1\Editor\Unity.exe
-adb2
-batchMode
-noUpm
-name
AssetImportWorker2
-projectPath
D:/XARXES/Programaci贸n/LabyrinthsOfOblivion
-logFile
Logs/AssetImportWorker2.log
-srvPort
49735
-job-worker-count
5
-background-job-worker-count
8
-asset-garbage-collectors
1
Successfully changed project path to: D:/XARXES/Programaci贸n/LabyrinthsOfOblivion
D:/XARXES/Programaci贸n/LabyrinthsOfOblivion
[UnityMemory] Configuration Parameters - Can be set up in boot.config
    "memorysetup-bucket-allocator-granularity=16"
    "memorysetup-bucket-allocator-bucket-count=8"
    "memorysetup-bucket-allocator-block-size=33554432"
    "memorysetup-bucket-allocator-block-count=8"
    "memorysetup-main-allocator-block-size=16777216"
    "memorysetup-thread-allocator-block-size=16777216"
    "memorysetup-gfx-main-allocator-block-size=16777216"
    "memorysetup-gfx-thread-allocator-block-size=16777216"
    "memorysetup-cache-allocator-block-size=4194304"
    "memorysetup-typetree-allocator-block-size=2097152"
    "memorysetup-profiler-bucket-allocator-granularity=16"
    "memorysetup-profiler-bucket-allocator-bucket-count=8"
    "memorysetup-profiler-bucket-allocator-block-size=33554432"
    "memorysetup-profiler-bucket-allocator-block-count=8"
    "memorysetup-profiler-allocator-block-size=16777216"
    "memorysetup-profiler-editor-allocator-block-size=1048576"
    "memorysetup-temp-allocator-size-main=16777216"
    "memorysetup-job-temp-allocator-block-size=2097152"
    "memorysetup-job-temp-allocator-block-size-background=1048576"
    "memorysetup-job-temp-allocator-reduction-small-platforms=262144"
    "memorysetup-allocator-temp-initial-block-size-main=262144"
    "memorysetup-allocator-temp-initial-block-size-worker=262144"
    "memorysetup-temp-allocator-size-background-worker=32768"
    "memorysetup-temp-allocator-size-job-worker=262144"
    "memorysetup-temp-allocator-size-preload-manager=33554432"
    "memorysetup-temp-allocator-size-nav-mesh-worker=65536"
    "memorysetup-temp-allocator-size-audio-worker=65536"
    "memorysetup-temp-allocator-size-cloud-worker=32768"
    "memorysetup-temp-allocator-size-gi-baking-worker=262144"
    "memorysetup-temp-allocator-size-gi-baking-worker=262144"
    "memorysetup-temp-allocator-size-gi-baking-worker=262144"
    "memorysetup-temp-allocator-size-gi-baking-worker=262144"
    "memorysetup-temp-allocator-size-gfx=262144"
Player connection [13256] Host "[IP] 0.0.0.0 [Port] 0 [Flags] 2 [Guid] 3610159748 [EditorId] 3610159748 [Version] 1048832 [Id] WindowsEditor(7,DESKTOP-VFD1MGT) [Debug] 1 [PackageName] WindowsEditor [ProjectName] Editor" joined multi-casting on [225.0.0.222:54997]...
Player connection [13256] Host "[IP] 0.0.0.0 [Port] 0 [Flags] 2 [Guid] 3610159748 [EditorId] 3610159748 [Version] 1048832 [Id] WindowsEditor(7,DESKTOP-VFD1MGT) [Debug] 1 [PackageName] WindowsEditor [ProjectName] Editor" joined alternative multi-casting on [225.0.0.222:34997]...
JobSystem: Creating JobQueue using job-worker-count value 5
[Physics::Module] Initialized MultithreadedJobDispatcher with 5 workers.
Library Redirect Path: Library/
Refreshing native plugins compatible for Editor in 1.48 ms, found 4 plugins.
Preloading 0 native plugins for Editor in 0.00 ms.
Initialize engine version: 2023.2.10f1 (316c1fd686f6)
[Subsystems] Discovering subsystems at path D:/XARXES/Unity 2023.2.10f1/Editor/Data/Resources/UnitySubsystems
[Subsystems] Discovering subsystems at path D:/XARXES/Programaci贸n/LabyrinthsOfOblivion/Assets
GfxDevice: creating device client; kGfxThreadingModeNonThreaded
Direct3D:
    Version:  Direct3D 11.0 [level 11.1]
    Renderer: NVIDIA GeForce GTX 1060 (ID=0x1c20)
    Vendor:   NVIDIA
    VRAM:     6031 MB
    Driver:   32.0.15.6590
Initialize mono
Mono path[0] = 'D:/XARXES/Unity 2023.2.10f1/Editor/Data/Managed'
Mono path[1] = 'D:/XARXES/Unity 2023.2.10f1/Editor/Data/MonoBleedingEdge/lib/mono/unityjit-win32'
Mono config path = 'D:/XARXES/Unity 2023.2.10f1/Editor/Data/MonoBleedingEdge/etc'
Using monoOptions --debugger-agent=transport=dt_socket,embedding=1,server=y,suspend=n,address=127.0.0.1:56628
Begin MonoManager ReloadAssembly
Registering precompiled unity dll's ...
Register platform support module: D:/XARXES/Unity 2023.2.10f1/Editor/Data/PlaybackEngines/WindowsStandaloneSupport/UnityEditor.WindowsStandalone.Extensions.dll
Registered in 0.001978 seconds.
- Loaded All Assemblies, in  0.452 seconds
Native extension for WindowsStandalone target not found
Mono: successfully reloaded assembly
- Finished resetting the current domain, in  0.412 seconds
Domain Reload Profiling: 863ms
	BeginReloadAssembly (153ms)
		ExecutionOrderSort (0ms)
		DisableScriptedObjects (0ms)
		BackupInstance (0ms)
		ReleaseScriptingObjects (0ms)
		CreateAndSetChildDomain (1ms)
	RebuildCommonClasses (49ms)
	RebuildNativeTypeToScriptingClass (15ms)
	initialDomainReloadingComplete (47ms)
	LoadAllAssembliesAndSetupDomain (188ms)
		LoadAssemblies (151ms)
		RebuildTransferFunctionScriptingTraits (0ms)
		AnalyzeDomain (185ms)
			TypeCache.Refresh (184ms)
				TypeCache.ScanAssembly (168ms)
			BuildScriptInfoCaches (0ms)
			ResolveRequiredComponents (1ms)
	FinalizeReload (412ms)
		ReleaseScriptCaches (0ms)
		RebuildScriptCaches (0ms)
		SetupLoadedEditorAssemblies (346ms)
			LogAssemblyErrors (0ms)
			InitializePlatformSupportModulesInManaged (10ms)
			SetLoadedEditorAssemblies (7ms)
			BeforeProcessingInitializeOnLoad (9ms)
			ProcessInitializeOnLoadAttributes (255ms)
			ProcessInitializeOnLoadMethodAttributes (66ms)
			AfterProcessingInitializeOnLoad (0ms)
			EditorAssembliesLoaded (0ms)
		ExecutionOrderSort2 (0ms)
		AwakeInstancesAfterBackupRestoration (0ms)
========================================================================
Worker process is ready to serve import requests
Import Worker Mode flag is 0x00
Begin MonoManager ReloadAssembly
- Loaded All Assemblies, in  0.945 seconds
Refreshing native plugins compatible for Editor in 1.06 ms, found 4 plugins.
Native extension for WindowsStandalone target not found
Mono: successfully reloaded assembly
- Finished resetting the current domain, in  0.798 seconds
Domain Reload Profiling: 1743ms
	BeginReloadAssembly (399ms)
		ExecutionOrderSort (0ms)
		DisableScriptedObjects (6ms)
		BackupInstance (0ms)
		ReleaseScriptingObjects (0ms)
		CreateAndSetChildDomain (32ms)
	RebuildCommonClasses (44ms)
	RebuildNativeTypeToScriptingClass (15ms)
	initialDomainReloadingComplete (38ms)
	LoadAllAssembliesAndSetupDomain (449ms)
		LoadAssemblies (343ms)
		RebuildTransferFunctionScriptingTraits (0ms)
		AnalyzeDomain (222ms)
			TypeCache.Refresh (178ms)
				TypeCache.ScanAssembly (162ms)
			BuildScriptInfoCaches (31ms)
			ResolveRequiredComponents (9ms)
	FinalizeReload (799ms)
		ReleaseScriptCaches (0ms)
		RebuildScriptCaches (0ms)
		SetupLoadedEditorAssemblies (537ms)
			LogAssemblyErrors (0ms)
			InitializePlatformSupportModulesInManaged (3ms)
			SetLoadedEditorAssemblies (4ms)
			BeforeProcessingInitializeOnLoad (52ms)
			ProcessInitializeOnLoadAttributes (437ms)
			ProcessInitializeOnLoadMethodAttributes (38ms)
			AfterProcessingInitializeOnLoad (2ms)
			EditorAssembliesLoaded (0ms)
		ExecutionOrderSort2 (0ms)
		AwakeInstancesAfterBackupRestoration (10ms)
Launched and connected shader compiler UnityShaderCompiler.exe after 0.01 seconds
Refreshing native plugins compatible for Editor in 1.42 ms, found 4 plugins.
Preloading 0 native plugins for Editor in 0.00 ms.
Unloading 27 Unused Serialized files (Serialized files now loaded: 0)
Unloading 4136 unused Assets / (1.2 MB). Loaded Objects now: 4712.
Memory consumption went from 126.2 MB to 125.0 MB.
Total: 8.786800 ms (FindLiveObjects: 0.522600 ms CreateObjectMapping: 0.678700 ms MarkObjects: 6.090400 ms  DeleteObjects: 1.493800 ms)

========================================================================
Received Import Request.
  Time since last request: 1692.186780 seconds.
  path: Assets/Images/Animations/Attacks/WarriorSlash1/warrior_skill2_frame9.png
  artifactKey: Guid(c42cae26ab2b3694899996b1e0f78cfa) Importer(815301076,1909f56bfc062723c751e8b465ee728b)
Start importing Assets/Images/Animations/Attacks/WarriorSlash1/warrior_skill2_frame9.png using Guid(c42cae26ab2b3694899996b1e0f78cfa) Importer(815301076,1909f56bfc062723c751e8b465ee728b) (PreviewImporter) -> (artifact id: '20fd6a1ac4dfde3843e24a2293e8d82b') in 0.1099882 seconds
Number of updated asset objects reloaded before import = 0Number of asset objects unloaded after import = 3

========================================================================
Received Import Request.
  Time since last request: 36.477711 seconds.
  path: Assets/Images/Animations/Attacks/WarriorSlash1/warrior_skill2_frame1.png
  artifactKey: Guid(001ed5839c40e134cb4deaeb82354c45) Importer(815301076,1909f56bfc062723c751e8b465ee728b)
Start importing Assets/Images/Animations/Attacks/WarriorSlash1/warrior_skill2_frame1.png using Guid(001ed5839c40e134cb4deaeb82354c45) Importer(815301076,1909f56bfc062723c751e8b465ee728b) (PreviewImporter) -> (artifact id: 'f52b3a539cd40f17d58d3715f2315e12') in 0.013926 seconds
Number of updated asset objects reloaded before import = 0Number of asset objects unloaded after import = 2

========================================================================
Received Import Request.
  Time since last request: 8.549335 seconds.
  path: Assets/Images/Animations/Attacks/WarriorSlash1/warrior_skill2_frame1.png
  artifactKey: Guid(001ed5839c40e134cb4deaeb82354c45) Importer(815301076,1909f56bfc062723c751e8b465ee728b)
Start importing Assets/Images/Animations/Attacks/WarriorSlash1/warrior_skill2_frame1.png using Guid(001ed5839c40e134cb4deaeb82354c45) Importer(815301076,1909f56bfc062723c751e8b465ee728b) (PreviewImporter) -> (artifact id: '38a938d328828b99d290ba40e15b2485') in 0.012037 seconds
Number of updated asset objects reloaded before import = 0Number of asset objects unloaded after import = 3

========================================================================
Received Import Request.
  Time since last request: 25.495410 seconds.
  path: Assets/Images/Animations/Attacks/WarriorSlash1/warrior_skill2_frame1.png
  artifactKey: Guid(001ed5839c40e134cb4deaeb82354c45) Importer(815301076,1909f56bfc062723c751e8b465ee728b)
Start importing Assets/Images/Animations/Attacks/WarriorSlash1/warrior_skill2_frame1.png using Guid(001ed5839c40e134cb4deaeb82354c45) Importer(815301076,1909f56bfc062723c751e8b465ee728b) (PreviewImporter) -> (artifact id: '54cdc5db9382721976532f257095a13e') in 0.0216392 seconds
Number of updated asset objects reloaded before import = 0Number of asset objects unloaded after import = 3

========================================================================
Received Import Request.
  Time since last request: 0.000033 seconds.
  path: Assets/Images/Animations/Attacks/WarriorSlash1/warrior_skill2_frame7.png
  artifactKey: Guid(05da602d2640b6243aa3b00f52cf3dfd) Importer(815301076,1909f56bfc062723c751e8b465ee728b)
Start importing Assets/Images/Animations/Attacks/WarriorSlash1/warrior_skill2_frame7.png using Guid(05da602d2640b6243aa3b00f52cf3dfd) Importer(815301076,1909f56bfc062723c751e8b465ee728b) (PreviewImporter) -> (artifact id: 'bde9d5f9715f600568ca095ac766bc12') in 0.0447402 seconds
Number of updated asset objects reloaded before import = 0Number of asset objects unloaded after import = 3

========================================================================
Received Import Request.
  Time since last request: 0.000048 seconds.
  path: Assets/Images/Animations/Attacks/WarriorSlash1/warrior_skill2_frame6.png
  artifactKey: Guid(5685aa77c9277094a80910251f21f1b0) Importer(815301076,1909f56bfc062723c751e8b465ee728b)
Start importing Assets/Images/Animations/Attacks/WarriorSlash1/warrior_skill2_frame6.png using Guid(5685aa77c9277094a80910251f21f1b0) Importer(815301076,1909f56bfc062723c751e8b465ee728b) (PreviewImporter) -> (artifact id: '6117b8d79d33453aa42d6bd425e5fdf6') in 0.0222638 seconds
Number of updated asset objects reloaded before import = 0Number of asset objects unloaded after import = 3

========================================================================
Received Import Request.
  Time since last request: 0.000076 seconds.
  path: Assets/Images/Animations/Attacks/WarriorSlash1/warrior_skill2_frame3.png
  artifactKey: Guid(39b307aef8354ae40a1989c2c6f02b6f) Importer(815301076,1909f56bfc062723c751e8b465ee728b)
Start importing Assets/Images/Animations/Attacks/WarriorSlash1/warrior_skill2_frame3.png using Guid(39b307aef8354ae40a1989c2c6f02b6f) Importer(815301076,1909f56bfc062723c751e8b465ee728b) (PreviewImporter) -> (artifact id: 'e1daca5b4a325b132706e95abe114e1b') in 0.0239008 seconds
Number of updated asset objects reloaded before import = 0Number of asset objects unloaded after import = 3

========================================================================
Received Import Request.
  Time since last request: 208.612225 seconds.
  path: Assets/Images/Animations/Attacks/IceSpikes
  artifactKey: Guid(cb7432af71cc89442980680db7fb3638) Importer(815301076,1909f56bfc062723c751e8b465ee728b)
Start importing Assets/Images/Animations/Attacks/IceSpikes using Guid(cb7432af71cc89442980680db7fb3638) Importer(815301076,1909f56bfc062723c751e8b465ee728b) (PreviewImporter) -> (artifact id: '9a076a5c76bcb36075619ea1533295cd') in 0.0005586 seconds
Number of updated asset objects reloaded before import = 0Number of asset objects unloaded after import = 0

========================================================================
Received Import Request.
  Time since last request: 2.896175 seconds.
  path: Assets/Images/Animations/Attacks/IceSpikes/FrostMage_skill_4_frame_1.png
  artifactKey: Guid(e03d630da2ae0284ab81ce42bc507722) Importer(815301076,1909f56bfc062723c751e8b465ee728b)
Start importing Assets/Images/Animations/Attacks/IceSpikes/FrostMage_skill_4_frame_1.png using Guid(e03d630da2ae0284ab81ce42bc507722) Importer(815301076,1909f56bfc062723c751e8b465ee728b) (PreviewImporter) -> (artifact id: '17086eb2fd0af53ea54af37312089380') in 0.0187013 seconds
Number of updated asset objects reloaded before import = 0Number of asset objects unloaded after import = 3

========================================================================
Received Import Request.
  Time since last request: 0.000019 seconds.
  path: Assets/Images/Animations/Attacks/IceSpikes/FrostMage_skill_4_frame_3.png
  artifactKey: Guid(418ff5baa5a75854db8e9a6ba6ef281b) Importer(815301076,1909f56bfc062723c751e8b465ee728b)
Start importing Assets/Images/Animations/Attacks/IceSpikes/FrostMage_skill_4_frame_3.png using Guid(418ff5baa5a75854db8e9a6ba6ef281b) Importer(815301076,1909f56bfc062723c751e8b465ee728b) (PreviewImporter) -> (artifact id: 'c4053ecac4d7d17c828e29efc3dcb8f4') in 0.0140953 seconds
Number of updated asset objects reloaded before import = 0Number of asset objects unloaded after import = 3

========================================================================
Received Import Request.
  Time since last request: 0.000172 seconds.
  path: Assets/Images/Animations/Attacks/IceSpikes/FrostMage_skill_4_frame_5.png
  artifactKey: Guid(bb5d32da81d500040b5a44098a25811a) Importer(815301076,1909f56bfc062723c751e8b465ee728b)
Start importing Assets/Images/Animations/Attacks/IceSpikes/FrostMage_skill_4_frame_5.png using Guid(bb5d32da81d500040b5a44098a25811a) Importer(815301076,1909f56bfc062723c751e8b465ee728b) (PreviewImporter) -> (artifact id: 'c12d089d553affd070d22f52d206500d') in 0.0167075 seconds
Number of updated asset objects reloaded before import = 0Number of asset objects unloaded after import = 3

========================================================================
Received Import Request.
  Time since last request: 0.005812 seconds.
  path: Assets/Images/Animations/Attacks/IceSpikes/FrostMage_skill_4_frame_6.png
  artifactKey: Guid(8a8e94adea7893b4b8d84eefb57ae300) Importer(815301076,1909f56bfc062723c751e8b465ee728b)
Start importing Assets/Images/Animations/Attacks/IceSpikes/FrostMage_skill_4_frame_6.png using Guid(8a8e94adea7893b4b8d84eefb57ae300) Importer(815301076,1909f56bfc062723c751e8b465ee728b) (PreviewImporter) -> (artifact id: '7eb58e65e51cd55e08178ba0bef526cf') in 0.027058 seconds
Number of updated asset objects reloaded before import = 0Number of asset objects unloaded after import = 5

========================================================================
Received Import Request.
  Time since last request: 0.000025 seconds.
  path: Assets/Images/Animations/Attacks/IceSpikes/FrostMage_skill_4_frame_10.png
  artifactKey: Guid(3e5e7f3885aa8374b8ac61ebc5c68b40) Importer(815301076,1909f56bfc062723c751e8b465ee728b)
Start importing Assets/Images/Animations/Attacks/IceSpikes/FrostMage_skill_4_frame_10.png using Guid(3e5e7f3885aa8374b8ac61ebc5c68b40) Importer(815301076,1909f56bfc062723c751e8b465ee728b) (PreviewImporter) -> (artifact id: 'bca83059b9dbb8c1c8e74391489da098') in 0.0335165 seconds
Number of updated asset objects reloaded before import = 0Number of asset objects unloaded after import = 7

========================================================================
Received Import Request.
  Time since last request: 0.000028 seconds.
  path: Assets/Images/Animations/Attacks/IceSpikes/FrostMage_skill_4_frame_8.png
  artifactKey: Guid(8e2e7ad7fccab844384768ec893ec871) Importer(815301076,1909f56bfc062723c751e8b465ee728b)
Start importing Assets/Images/Animations/Attacks/IceSpikes/FrostMage_skill_4_frame_8.png using Guid(8e2e7ad7fccab844384768ec893ec871) Importer(815301076,1909f56bfc062723c751e8b465ee728b) (PreviewImporter) -> (artifact id: '353a341fc4644ed8794835d8d7543014') in 0.0262696 seconds
Number of updated asset objects reloaded before import = 0Number of asset objects unloaded after import = 4

========================================================================
Received Import Request.
  Time since last request: 0.000025 seconds.
  path: Assets/Images/Animations/Attacks/IceSpikes/FrostMage_skill_4_frame_4.png
  artifactKey: Guid(75b9c06a041cb04408c6c3aea513428d) Importer(815301076,1909f56bfc062723c751e8b465ee728b)
Start importing Assets/Images/Animations/Attacks/IceSpikes/FrostMage_skill_4_frame_4.png using Guid(75b9c06a041cb04408c6c3aea513428d) Importer(815301076,1909f56bfc062723c751e8b465ee728b) (PreviewImporter) -> (artifact id: 'a31e3b5ae78f06ff4813c08b9869fc37') in 0.0186281 seconds
Number of updated asset objects reloaded before import = 0Number of asset objects unloaded after import = 3

========================================================================
Received Import Request.
  Time since last request: 0.000021 seconds.
  path: Assets/Images/Animations/Attacks/IceSpikes/FrostMage_skill_4_frame_9.png
  artifactKey: Guid(25d99be3594e7274a988a70e34322c11) Importer(815301076,1909f56bfc062723c751e8b465ee728b)
Start importing Assets/Images/Animations/Attacks/IceSpikes/FrostMage_skill_4_frame_9.png using Guid(25d99be3594e7274a988a70e34322c11) Importer(815301076,1909f56bfc062723c751e8b465ee728b) (PreviewImporter) -> (artifact id: '339cbff9e938cf3cb5ad402f35a6a3da') in 0.0292482 seconds
Number of updated asset objects reloaded before import = 0Number of asset objects unloaded after import = 6

========================================================================
Received Import Request.
  Time since last request: 22.276518 seconds.
  path: Assets/Images/Animations/Attacks/IceSpikes/FrostMage_skill_4_frame_2.png
  artifactKey: Guid(0d176a61a2bd9974cb08d2d92840869c) Importer(815301076,1909f56bfc062723c751e8b465ee728b)
Start importing Assets/Images/Animations/Attacks/IceSpikes/FrostMage_skill_4_frame_2.png using Guid(0d176a61a2bd9974cb08d2d92840869c) Importer(815301076,1909f56bfc062723c751e8b465ee728b) (PreviewImporter) -> (artifact id: '93561c5d1df15b8ca3dbd890dfbea488') in 0.0182253 seconds
Number of updated asset objects reloaded before import = 0Number of asset objects unloaded after import = 3

========================================================================
Received Import Request.
  Time since last request: 0.000039 seconds.
  path: Assets/Images/Animations/Attacks/IceSpikes/FrostMage_skill_4_frame_10.png
  artifactKey: Guid(3e5e7f3885aa8374b8ac61ebc5c68b40) Importer(815301076,1909f56bfc062723c751e8b465ee728b)
Start importing Assets/Images/Animations/Attacks/IceSpikes/FrostMage_skill_4_frame_10.png using Guid(3e5e7f3885aa8374b8ac61ebc5c68b40) Importer(815301076,1909f56bfc062723c751e8b465ee728b) (PreviewImporter) -> (artifact id: '01d252faf2ba4e88c8d86e938e1c4470') in 0.0395464 seconds
Number of updated asset objects reloaded before import = 0Number of asset objects unloaded after import = 3

========================================================================
Received Import Request.
  Time since last request: 0.000156 seconds.
  path: Assets/Images/Animations/Attacks/IceSpikes/FrostMage_skill_4_frame_11.png
  artifactKey: Guid(5d45990d96bb29c478fcd2a9e21a0a57) Importer(815301076,1909f56bfc062723c751e8b465ee728b)
Start importing Assets/Images/Animations/Attacks/IceSpikes/FrostMage_skill_4_frame_11.png using Guid(5d45990d96bb29c478fcd2a9e21a0a57) Importer(815301076,1909f56bfc062723c751e8b465ee728b) (PreviewImporter) -> (artifact id: '44b2fa16b611eb6135320d6f9ae63b60') in 0.0191245 seconds
Number of updated asset objects reloaded before import = 0Number of asset objects unloaded after import = 3

========================================================================
Received Import Request.
  Time since last request: 0.000022 seconds.
  path: Assets/Images/Animations/Attacks/IceSpikes/FrostMage_skill_4_frame_5.png
  artifactKey: Guid(bb5d32da81d500040b5a44098a25811a) Importer(815301076,1909f56bfc062723c751e8b465ee728b)
Start importing Assets/Images/Animations/Attacks/IceSpikes/FrostMage_skill_4_frame_5.png using Guid(bb5d32da81d500040b5a44098a25811a) Importer(815301076,1909f56bfc062723c751e8b465ee728b) (PreviewImporter) -> (artifact id: 'd7dd4e790712aae8aa1509738de39c1e') in 0.0169571 seconds
Number of updated asset objects reloaded before import = 0Number of asset objects unloaded after import = 3

========================================================================
Received Import Request.
  Time since last request: 0.000147 seconds.
  path: Assets/Images/Animations/Attacks/IceSpikes/FrostMage_skill_4_frame_7.png
  artifactKey: Guid(1f5cf80449ba9ec4a97daecc19f7a068) Importer(815301076,1909f56bfc062723c751e8b465ee728b)
Start importing Assets/Images/Animations/Attacks/IceSpikes/FrostMage_skill_4_frame_7.png using Guid(1f5cf80449ba9ec4a97daecc19f7a068) Importer(815301076,1909f56bfc062723c751e8b465ee728b) (PreviewImporter) -> (artifact id: '7e94a0b64f13048d8df1e0058a378531') in 0.0205676 seconds
Number of updated asset objects reloaded before import = 0Number of asset objects unloaded after import = 3

========================================================================
Received Import Request.
  Time since last request: 33.282982 seconds.
  path: Assets/Images/Animations/Attacks/OrangeSlash/Halloween_skill1_frame2.png
  artifactKey: Guid(843f662c7ea21734ead35797648bf9f1) Importer(815301076,1909f56bfc062723c751e8b465ee728b)
Start importing Assets/Images/Animations/Attacks/OrangeSlash/Halloween_skill1_frame2.png using Guid(843f662c7ea21734ead35797648bf9f1) Importer(815301076,1909f56bfc062723c751e8b465ee728b) (PreviewImporter) -> (artifact id: 'fd1e4029b20ddba6a255159f253c3746') in 0.014638 seconds
Number of updated asset objects reloaded before import = 0Number of asset objects unloaded after import = 3

========================================================================
Received Import Request.
  Time since last request: 0.006998 seconds.
  path: Assets/Images/Animations/Attacks/OrangeSlash/Halloween_skill1_frame5.png
  artifactKey: Guid(652784dd0a4ac2e4cae39b89a33dbb03) Importer(815301076,1909f56bfc062723c751e8b465ee728b)
Start importing Assets/Images/Animations/Attacks/OrangeSlash/Halloween_skill1_frame5.png using Guid(652784dd0a4ac2e4cae39b89a33dbb03) Importer(815301076,1909f56bfc062723c751e8b465ee728b) (PreviewImporter) -> (artifact id: 'eaf87120e9f431ca4837b5325f1fe426') in 0.0362798 seconds
Number of updated asset objects reloaded before import = 0Number of asset objects unloaded after import = 9

========================================================================
Received Import Request.
  Time since last request: 26.159750 seconds.
  path: Assets/Images/Animations/Attacks/LightningStrike/lightning_skill3_frame3.png
  artifactKey: Guid(57ec1dc94e770ae42b8d21e65589a254) Importer(815301076,1909f56bfc062723c751e8b465ee728b)
Start importing Assets/Images/Animations/Attacks/LightningStrike/lightning_skill3_frame3.png using Guid(57ec1dc94e770ae42b8d21e65589a254) Importer(815301076,1909f56bfc062723c751e8b465ee728b) (PreviewImporter) -> (artifact id: 'fe8280ebbfa1ba260de49b4f395964d9') in 0.0188592 seconds
Number of updated asset objects reloaded before import = 0Number of asset objects unloaded after import = 3

========================================================================
Received Import Request.
  Time since last request: 12.566466 seconds.
  path: Assets/Images/Animations/Attacks/LightningStrike/lightning_skill3_frame2.png
  artifactKey: Guid(a28780722afd61c4b820fe49537125c1) Importer(815301076,1909f56bfc062723c751e8b465ee728b)
Start importing Assets/Images/Animations/Attacks/LightningStrike/lightning_skill3_frame2.png using Guid(a28780722afd61c4b820fe49537125c1) Importer(815301076,1909f56bfc062723c751e8b465ee728b) (PreviewImporter) -> (artifact id: 'fe0d450e9f2eeaa6e98f641d44b97b71') in 0.0207447 seconds
Number of updated asset objects reloaded before import = 0Number of asset objects unloaded after import = 3

========================================================================
Received Import Request.
  Time since last request: 14.097614 seconds.
  path: Assets/Images/Animations/Attacks/NecroAttack/Necromancer_spell_7_frame_2.png
  artifactKey: Guid(d3bb80cd4e4eebc40ba72aed42d0e7dd) Importer(815301076,1909f56bfc062723c751e8b465ee728b)
Start importing Assets/Images/Animations/Attacks/NecroAttack/Necromancer_spell_7_frame_2.png using Guid(d3bb80cd4e4eebc40ba72aed42d0e7dd) Importer(815301076,1909f56bfc062723c751e8b465ee728b) (PreviewImporter) -> (artifact id: '396b8a74bf488e7b41cad5007abc4e43') in 0.0156581 seconds
Number of updated asset objects reloaded before import = 0Number of asset objects unloaded after import = 3

========================================================================
Received Import Request.
  Time since last request: 0.007273 seconds.
  path: Assets/Images/Animations/Attacks/NecroAttack/Necromancer_spell_7_frame_5.png
  artifactKey: Guid(fe7b996665c880a4b8bc25237ec8721a) Importer(815301076,1909f56bfc062723c751e8b465ee728b)
Start importing Assets/Images/Animations/Attacks/NecroAttack/Necromancer_spell_7_frame_5.png using Guid(fe7b996665c880a4b8bc25237ec8721a) Importer(815301076,1909f56bfc062723c751e8b465ee728b) (PreviewImporter) -> (artifact id: '5a22cd22e5c8cd6293fff26fe86bad17') in 0.0166704 seconds
Number of updated asset objects reloaded before import = 0Number of asset objects unloaded after import = 3

========================================================================
Received Import Request.
  Time since last request: 0.007384 seconds.
  path: Assets/Images/Animations/Attacks/NecroAttack/Necromancer_spell_7_frame_8.png
  artifactKey: Guid(b42a9503920793e4aa179bcb6df22ce1) Importer(815301076,1909f56bfc062723c751e8b465ee728b)
Start importing Assets/Images/Animations/Attacks/NecroAttack/Necromancer_spell_7_frame_8.png using Guid(b42a9503920793e4aa179bcb6df22ce1) Importer(815301076,1909f56bfc062723c751e8b465ee728b) (PreviewImporter) -> (artifact id: 'b9901d8fc5edc2a730bce801b8fbee9e') in 0.0308991 seconds
Number of updated asset objects reloaded before import = 0Number of asset objects unloaded after import = 6

========================================================================
Received Import Request.
  Time since last request: 6.490523 seconds.
  path: Assets/Images/Animations/Attacks/NecroAttack/Necromancer_spell_7_frame_2.png
  artifactKey: Guid(d3bb80cd4e4eebc40ba72aed42d0e7dd) Importer(815301076,1909f56bfc062723c751e8b465ee728b)
Start importing Assets/Images/Animations/Attacks/NecroAttack/Necromancer_spell_7_frame_2.png using Guid(d3bb80cd4e4eebc40ba72aed42d0e7dd) Importer(815301076,1909f56bfc062723c751e8b465ee728b) (PreviewImporter) -> (artifact id: '5411b9a31b1d3e10d8bcf03d8aaca26d') in 0.0408501 seconds
Number of updated asset objects reloaded before import = 0Number of asset objects unloaded after import = 3

========================================================================
Received Import Request.
  Time since last request: 0.000111 seconds.
  path: Assets/Images/Animations/Attacks/NecroAttack/Necromancer_spell_7_frame_7.png
  artifactKey: Guid(e9191dfbe09c75e4bbfa2d70c096b838) Importer(815301076,1909f56bfc062723c751e8b465ee728b)
Start importing Assets/Images/Animations/Attacks/NecroAttack/Necromancer_spell_7_frame_7.png using Guid(e9191dfbe09c75e4bbfa2d70c096b838) Importer(815301076,1909f56bfc062723c751e8b465ee728b) (PreviewImporter) -> (artifact id: '8906e3f2e6ce36bdbbae004496660b04') in 0.016198 seconds
Number of updated asset objects reloaded before import = 0Number of asset objects unloaded after import = 3

========================================================================
Received Import Request.
  Time since last request: 0.000129 seconds.
  path: Assets/Images/Animations/Attacks/NecroAttack/Necromancer_spell_7_frame_4.png
  artifactKey: Guid(37a63cdf2346aa64ea413c193b9031e8) Importer(815301076,1909f56bfc062723c751e8b465ee728b)
Start importing Assets/Images/Animations/Attacks/NecroAttack/Necromancer_spell_7_frame_4.png using Guid(37a63cdf2346aa64ea413c193b9031e8) Importer(815301076,1909f56bfc062723c751e8b465ee728b) (PreviewImporter) -> (artifact id: '9fc1e1de959d81e967a3dc9ff6ee3841') in 0.0171088 seconds
Number of updated asset objects reloaded before import = 0Number of asset objects unloaded after import = 3

========================================================================
Received Import Request.
  Time since last request: 58.496093 seconds.
  path: Assets/Images/Animations/Attacks/OrangeSlash/Halloween_skill1_frame2.png
  artifactKey: Guid(843f662c7ea21734ead35797648bf9f1) Importer(815301076,1909f56bfc062723c751e8b465ee728b)
Start importing Assets/Images/Animations/Attacks/OrangeSlash/Halloween_skill1_frame2.png using Guid(843f662c7ea21734ead35797648bf9f1) Importer(815301076,1909f56bfc062723c751e8b465ee728b) (PreviewImporter) -> (artifact id: 'ecf5f16fdf4f8bc8597d466d184fb73a') in 0.0576776 seconds
Number of updated asset objects reloaded before import = 0Number of asset objects unloaded after import = 3

========================================================================
Received Import Request.
  Time since last request: 0.000137 seconds.
  path: Assets/Images/Animations/Attacks/OrangeSlash/Halloween_skill1_frame6.png
  artifactKey: Guid(8408cbaf70dbc2d4591a15e31c452b65) Importer(815301076,1909f56bfc062723c751e8b465ee728b)
Start importing Assets/Images/Animations/Attacks/OrangeSlash/Halloween_skill1_frame6.png using Guid(8408cbaf70dbc2d4591a15e31c452b65) Importer(815301076,1909f56bfc062723c751e8b465ee728b) (PreviewImporter) -> (artifact id: '61a810ba8178f9edde86528c0aabed49') in 0.0252596 seconds
Number of updated asset objects reloaded before import = 0Number of asset objects unloaded after import = 3

========================================================================
Received Import Request.
  Time since last request: 3.206659 seconds.
  path: Assets/Images/Animations/Attacks/PumpkinStrike/Halloween_skill6_frame2.png
  artifactKey: Guid(348357b3fa23c2e4c9e626dfa705938e) Importer(815301076,1909f56bfc062723c751e8b465ee728b)
Start importing Assets/Images/Animations/Attacks/PumpkinStrike/Halloween_skill6_frame2.png using Guid(348357b3fa23c2e4c9e626dfa705938e) Importer(815301076,1909f56bfc062723c751e8b465ee728b) (PreviewImporter) -> (artifact id: '82e8c3b0cdec5336a54502df92f630c4') in 0.0162374 seconds
Number of updated asset objects reloaded before import = 0Number of asset objects unloaded after import = 3

========================================================================
Received Import Request.
  Time since last request: 0.014787 seconds.
  path: Assets/Images/Animations/Attacks/PumpkinStrike/Halloween_skill6_frame6.png
  artifactKey: Guid(67fe3d61dd6ed7f42810afd59b62c41e) Importer(815301076,1909f56bfc062723c751e8b465ee728b)
Start importing Assets/Images/Animations/Attacks/PumpkinStrike/Halloween_skill6_frame6.png using Guid(67fe3d61dd6ed7f42810afd59b62c41e) Importer(815301076,1909f56bfc062723c751e8b465ee728b) (PreviewImporter) -> (artifact id: '43b8840ccec62296bbf5effc9168c52a') in 0.0368777 seconds
Number of updated asset objects reloaded before import = 0Number of asset objects unloaded after import = 11

========================================================================
Received Import Request.
  Time since last request: 0.000023 seconds.
  path: Assets/Images/Animations/Attacks/PumpkinStrike/Halloween_skill6_frame9.png
  artifactKey: Guid(14eb89bf7347a504289177bd412172d5) Importer(815301076,1909f56bfc062723c751e8b465ee728b)
Start importing Assets/Images/Animations/Attacks/PumpkinStrike/Halloween_skill6_frame9.png using Guid(14eb89bf7347a504289177bd412172d5) Importer(815301076,1909f56bfc062723c751e8b465ee728b) (PreviewImporter) -> (artifact id: '84c7101c292c9fd0d78d3df891180b00') in 0.0479024 seconds
Number of updated asset objects reloaded before import = 0Number of asset objects unloaded after import = 13

========================================================================
Received Import Request.
  Time since last request: 5.544165 seconds.
  path: Assets/Images/Animations/Attacks/PumpkinStrike/Halloween_skill6_frame2.png
  artifactKey: Guid(348357b3fa23c2e4c9e626dfa705938e) Importer(815301076,1909f56bfc062723c751e8b465ee728b)
Start importing Assets/Images/Animations/Attacks/PumpkinStrike/Halloween_skill6_frame2.png using Guid(348357b3fa23c2e4c9e626dfa705938e) Importer(815301076,1909f56bfc062723c751e8b465ee728b) (PreviewImporter) -> (artifact id: '053bbd8ffcae726c22431f5a42be005a') in 0.0431217 seconds
Number of updated asset objects reloaded before import = 0Number of asset objects unloaded after import = 3

========================================================================
Received Import Request.
  Time since last request: 0.000078 seconds.
  path: Assets/Images/Animations/Attacks/PumpkinStrike/Halloween_skill6_frame8.png
  artifactKey: Guid(fd53ec12bb52445438b3cc7e0ae688a5) Importer(815301076,1909f56bfc062723c751e8b465ee728b)
Start importing Assets/Images/Animations/Attacks/PumpkinStrike/Halloween_skill6_frame8.png using Guid(fd53ec12bb52445438b3cc7e0ae688a5) Importer(815301076,1909f56bfc062723c751e8b465ee728b) (PreviewImporter) -> (artifact id: 'ba78189aa002557a6cf4143929b7ba09') in 0.0208661 seconds
Number of updated asset objects reloaded before import = 0Number of asset objects unloaded after import = 3

========================================================================
Received Import Request.
  Time since last request: 0.000072 seconds.
  path: Assets/Images/Animations/Attacks/PumpkinStrike/Halloween_skill6_frame4.png
  artifactKey: Guid(325e4d6758eaac44b93adb320e3cc319) Importer(815301076,1909f56bfc062723c751e8b465ee728b)
Start importing Assets/Images/Animations/Attacks/PumpkinStrike/Halloween_skill6_frame4.png using Guid(325e4d6758eaac44b93adb320e3cc319) Importer(815301076,1909f56bfc062723c751e8b465ee728b) (PreviewImporter) -> (artifact id: '580e99391fbbc118b7ef6d7b43c2e6eb') in 0.0200605 seconds
Number of updated asset objects reloaded before import = 0Number of asset objects unloaded after import = 3

Editor requested this worker to shutdown with reason: Scaling down because of idle timeout
AssetImportWorker is now disconnected from the server
Process exiting
Exiting without the bug reporter. Application will terminate with return code 0